<?xml version="1.0" encoding="UTF-8"?>
<testsuite xmlns:xsi="http://www.w3.org/2001/XMLSchema-instance" xsi:noNamespaceSchemaLocation="https://maven.apache.org/surefire/maven-surefire-plugin/xsd/surefire-test-report.xsd" name="au.com.kahaara.wf.orchestration.rules.RulesTest" time="0.651" tests="2" errors="0" skipped="0" failures="0">
  <properties>
    <property name="java.specification.version" value="18"/>
    <property name="sun.cpu.isalist" value="amd64"/>
    <property name="sun.jnu.encoding" value="Cp1252"/>
    <property name="java.class.path" value="C:\Apps\Projects\java\workflow\target\test-classes;C:\Apps\Projects\java\workflow\target\classes;C:\Apps\Maven\repository\org\springframework\boot\spring-boot-starter-data-jpa\2.7.15\spring-boot-starter-data-jpa-2.7.15.jar;C:\Apps\Maven\repository\org\springframework\boot\spring-boot-starter-aop\2.7.15\spring-boot-starter-aop-2.7.15.jar;C:\Apps\Maven\repository\org\springframework\spring-aop\5.3.29\spring-aop-5.3.29.jar;C:\Apps\Maven\repository\org\aspectj\aspectjweaver\1.9.7\aspectjweaver-1.9.7.jar;C:\Apps\Maven\repository\jakarta\transaction\jakarta.transaction-api\1.3.3\jakarta.transaction-api-1.3.3.jar;C:\Apps\Maven\repository\jakarta\persistence\jakarta.persistence-api\2.2.3\jakarta.persistence-api-2.2.3.jar;C:\Apps\Maven\repository\org\hibernate\hibernate-core\5.6.15.Final\hibernate-core-5.6.15.Final.jar;C:\Apps\Maven\repository\org\jboss\logging\jboss-logging\3.4.3.Final\jboss-logging-3.4.3.Final.jar;C:\Apps\Maven\repository\net\bytebuddy\byte-buddy\1.12.18\byte-buddy-1.12.18.jar;C:\Apps\Maven\repository\antlr\antlr\2.7.7\antlr-2.7.7.jar;C:\Apps\Maven\repository\org\jboss\jandex\2.4.2.Final\jandex-2.4.2.Final.jar;C:\Apps\Maven\repository\com\fasterxml\classmate\1.5.1\classmate-1.5.1.jar;C:\Apps\Maven\repository\org\hibernate\common\hibernate-commons-annotations\5.1.2.Final\hibernate-commons-annotations-5.1.2.Final.jar;C:\Apps\Maven\repository\org\glassfish\jaxb\jaxb-runtime\2.3.1\jaxb-runtime-2.3.1.jar;C:\Apps\Maven\repository\org\glassfish\jaxb\txw2\2.3.1\txw2-2.3.1.jar;C:\Apps\Maven\repository\com\sun\istack\istack-commons-runtime\3.0.7\istack-commons-runtime-3.0.7.jar;C:\Apps\Maven\repository\org\jvnet\staxex\stax-ex\1.8\stax-ex-1.8.jar;C:\Apps\Maven\repository\com\sun\xml\fastinfoset\FastInfoset\1.2.15\FastInfoset-1.2.15.jar;C:\Apps\Maven\repository\org\springframework\data\spring-data-jpa\2.7.15\spring-data-jpa-2.7.15.jar;C:\Apps\Maven\repository\org\springframework\data\spring-data-commons\2.7.15\spring-data-commons-2.7.15.jar;C:\Apps\Maven\repository\org\springframework\spring-orm\5.3.29\spring-orm-5.3.29.jar;C:\Apps\Maven\repository\org\springframework\spring-context\5.3.29\spring-context-5.3.29.jar;C:\Apps\Maven\repository\org\springframework\spring-expression\5.3.29\spring-expression-5.3.29.jar;C:\Apps\Maven\repository\org\springframework\spring-tx\5.3.29\spring-tx-5.3.29.jar;C:\Apps\Maven\repository\org\springframework\spring-beans\5.3.29\spring-beans-5.3.29.jar;C:\Apps\Maven\repository\org\slf4j\slf4j-api\1.7.32\slf4j-api-1.7.32.jar;C:\Apps\Maven\repository\org\springframework\spring-aspects\5.3.29\spring-aspects-5.3.29.jar;C:\Apps\Maven\repository\org\springframework\boot\spring-boot-starter-jdbc\2.7.15\spring-boot-starter-jdbc-2.7.15.jar;C:\Apps\Maven\repository\org\springframework\boot\spring-boot-starter\2.7.15\spring-boot-starter-2.7.15.jar;C:\Apps\Maven\repository\org\springframework\boot\spring-boot\2.7.15\spring-boot-2.7.15.jar;C:\Apps\Maven\repository\org\springframework\boot\spring-boot-autoconfigure\2.7.15\spring-boot-autoconfigure-2.7.15.jar;C:\Apps\Maven\repository\org\springframework\boot\spring-boot-starter-logging\2.7.15\spring-boot-starter-logging-2.7.15.jar;C:\Apps\Maven\repository\ch\qos\logback\logback-classic\1.2.12\logback-classic-1.2.12.jar;C:\Apps\Maven\repository\ch\qos\logback\logback-core\1.2.12\logback-core-1.2.12.jar;C:\Apps\Maven\repository\org\apache\logging\log4j\log4j-to-slf4j\2.17.2\log4j-to-slf4j-2.17.2.jar;C:\Apps\Maven\repository\org\apache\logging\log4j\log4j-api\2.17.2\log4j-api-2.17.2.jar;C:\Apps\Maven\repository\org\slf4j\jul-to-slf4j\1.7.36\jul-to-slf4j-1.7.36.jar;C:\Apps\Maven\repository\jakarta\annotation\jakarta.annotation-api\1.3.5\jakarta.annotation-api-1.3.5.jar;C:\Apps\Maven\repository\org\yaml\snakeyaml\1.30\snakeyaml-1.30.jar;C:\Apps\Maven\repository\com\zaxxer\HikariCP\4.0.3\HikariCP-4.0.3.jar;C:\Apps\Maven\repository\org\springframework\spring-jdbc\5.3.29\spring-jdbc-5.3.29.jar;C:\Apps\Maven\repository\org\springframework\boot\spring-boot-starter-test\2.7.15\spring-boot-starter-test-2.7.15.jar;C:\Apps\Maven\repository\org\springframework\boot\spring-boot-test\2.7.15\spring-boot-test-2.7.15.jar;C:\Apps\Maven\repository\org\springframework\boot\spring-boot-test-autoconfigure\2.7.15\spring-boot-test-autoconfigure-2.7.15.jar;C:\Apps\Maven\repository\com\jayway\jsonpath\json-path\2.7.0\json-path-2.7.0.jar;C:\Apps\Maven\repository\net\minidev\json-smart\2.4.7\json-smart-2.4.7.jar;C:\Apps\Maven\repository\net\minidev\accessors-smart\2.4.7\accessors-smart-2.4.7.jar;C:\Apps\Maven\repository\org\ow2\asm\asm\9.1\asm-9.1.jar;C:\Apps\Maven\repository\jakarta\xml\bind\jakarta.xml.bind-api\2.3.3\jakarta.xml.bind-api-2.3.3.jar;C:\Apps\Maven\repository\jakarta\activation\jakarta.activation-api\1.2.2\jakarta.activation-api-1.2.2.jar;C:\Apps\Maven\repository\org\assertj\assertj-core\3.22.0\assertj-core-3.22.0.jar;C:\Apps\Maven\repository\org\hamcrest\hamcrest\2.2\hamcrest-2.2.jar;C:\Apps\Maven\repository\org\junit\jupiter\junit-jupiter\5.8.2\junit-jupiter-5.8.2.jar;C:\Apps\Maven\repository\org\junit\jupiter\junit-jupiter-params\5.8.2\junit-jupiter-params-5.8.2.jar;C:\Apps\Maven\repository\org\mockito\mockito-core\4.5.1\mockito-core-4.5.1.jar;C:\Apps\Maven\repository\net\bytebuddy\byte-buddy-agent\1.12.9\byte-buddy-agent-1.12.9.jar;C:\Apps\Maven\repository\org\objenesis\objenesis\3.2\objenesis-3.2.jar;C:\Apps\Maven\repository\org\mockito\mockito-junit-jupiter\4.5.1\mockito-junit-jupiter-4.5.1.jar;C:\Apps\Maven\repository\org\skyscreamer\jsonassert\1.5.1\jsonassert-1.5.1.jar;C:\Apps\Maven\repository\com\vaadin\external\google\android-json\0.0.20131108.vaadin1\android-json-0.0.20131108.vaadin1.jar;C:\Apps\Maven\repository\org\springframework\spring-core\5.3.29\spring-core-5.3.29.jar;C:\Apps\Maven\repository\org\springframework\spring-jcl\5.3.29\spring-jcl-5.3.29.jar;C:\Apps\Maven\repository\org\springframework\spring-test\5.3.29\spring-test-5.3.29.jar;C:\Apps\Maven\repository\org\xmlunit\xmlunit-core\2.9.1\xmlunit-core-2.9.1.jar;C:\Apps\Maven\repository\com\fasterxml\jackson\core\jackson-core\2.15.2\jackson-core-2.15.2.jar;C:\Apps\Maven\repository\com\fasterxml\jackson\core\jackson-databind\2.15.2\jackson-databind-2.15.2.jar;C:\Apps\Maven\repository\com\fasterxml\jackson\core\jackson-annotations\2.15.2\jackson-annotations-2.15.2.jar;C:\Apps\Maven\repository\com\fasterxml\jackson\dataformat\jackson-dataformat-xml\2.15.2\jackson-dataformat-xml-2.15.2.jar;C:\Apps\Maven\repository\org\codehaus\woodstox\stax2-api\4.2.1\stax2-api-4.2.1.jar;C:\Apps\Maven\repository\com\fasterxml\woodstox\woodstox-core\6.5.1\woodstox-core-6.5.1.jar;C:\Apps\Maven\repository\com\fasterxml\jackson\datatype\jackson-datatype-jsr310\2.15.2\jackson-datatype-jsr310-2.15.2.jar;C:\Apps\Maven\repository\org\junit\jupiter\junit-jupiter-api\5.7.2\junit-jupiter-api-5.7.2.jar;C:\Apps\Maven\repository\org\apiguardian\apiguardian-api\1.1.0\apiguardian-api-1.1.0.jar;C:\Apps\Maven\repository\org\opentest4j\opentest4j\1.2.0\opentest4j-1.2.0.jar;C:\Apps\Maven\repository\org\junit\platform\junit-platform-commons\1.7.2\junit-platform-commons-1.7.2.jar;C:\Apps\Maven\repository\org\junit\jupiter\junit-jupiter-engine\5.7.2\junit-jupiter-engine-5.7.2.jar;C:\Apps\Maven\repository\org\junit\platform\junit-platform-engine\1.7.2\junit-platform-engine-1.7.2.jar;"/>
    <property name="java.vm.vendor" value="Oracle Corporation"/>
    <property name="sun.arch.data.model" value="64"/>
    <property name="user.variant" value=""/>
    <property name="java.vendor.url" value="https://java.oracle.com/"/>
    <property name="user.timezone" value="Australia/Sydney"/>
    <property name="os.name" value="Windows 11"/>
    <property name="java.vm.specification.version" value="18"/>
    <property name="sun.java.launcher" value="SUN_STANDARD"/>
    <property name="user.country" value="AU"/>
    <property name="sun.boot.library.path" value="C:\Apps\Java\jdk-18\bin"/>
    <property name="sun.java.command" value="C:\Users\simon\AppData\Local\Temp\surefire14920333814095797354\surefirebooter8251079572165882563.jar C:\Users\simon\AppData\Local\Temp\surefire14920333814095797354 2024-08-07T14-32-27_238-jvmRun1 surefire11755395261932466098tmp surefire_07957158496527670994tmp"/>
    <property name="jdk.debug" value="release"/>
    <property name="surefire.test.class.path" value="C:\Apps\Projects\java\workflow\target\test-classes;C:\Apps\Projects\java\workflow\target\classes;C:\Apps\Maven\repository\org\springframework\boot\spring-boot-starter-data-jpa\2.7.15\spring-boot-starter-data-jpa-2.7.15.jar;C:\Apps\Maven\repository\org\springframework\boot\spring-boot-starter-aop\2.7.15\spring-boot-starter-aop-2.7.15.jar;C:\Apps\Maven\repository\org\springframework\spring-aop\5.3.29\spring-aop-5.3.29.jar;C:\Apps\Maven\repository\org\aspectj\aspectjweaver\1.9.7\aspectjweaver-1.9.7.jar;C:\Apps\Maven\repository\jakarta\transaction\jakarta.transaction-api\1.3.3\jakarta.transaction-api-1.3.3.jar;C:\Apps\Maven\repository\jakarta\persistence\jakarta.persistence-api\2.2.3\jakarta.persistence-api-2.2.3.jar;C:\Apps\Maven\repository\org\hibernate\hibernate-core\5.6.15.Final\hibernate-core-5.6.15.Final.jar;C:\Apps\Maven\repository\org\jboss\logging\jboss-logging\3.4.3.Final\jboss-logging-3.4.3.Final.jar;C:\Apps\Maven\repository\net\bytebuddy\byte-buddy\1.12.18\byte-buddy-1.12.18.jar;C:\Apps\Maven\repository\antlr\antlr\2.7.7\antlr-2.7.7.jar;C:\Apps\Maven\repository\org\jboss\jandex\2.4.2.Final\jandex-2.4.2.Final.jar;C:\Apps\Maven\repository\com\fasterxml\classmate\1.5.1\classmate-1.5.1.jar;C:\Apps\Maven\repository\org\hibernate\common\hibernate-commons-annotations\5.1.2.Final\hibernate-commons-annotations-5.1.2.Final.jar;C:\Apps\Maven\repository\org\glassfish\jaxb\jaxb-runtime\2.3.1\jaxb-runtime-2.3.1.jar;C:\Apps\Maven\repository\org\glassfish\jaxb\txw2\2.3.1\txw2-2.3.1.jar;C:\Apps\Maven\repository\com\sun\istack\istack-commons-runtime\3.0.7\istack-commons-runtime-3.0.7.jar;C:\Apps\Maven\repository\org\jvnet\staxex\stax-ex\1.8\stax-ex-1.8.jar;C:\Apps\Maven\repository\com\sun\xml\fastinfoset\FastInfoset\1.2.15\FastInfoset-1.2.15.jar;C:\Apps\Maven\repository\org\springframework\data\spring-data-jpa\2.7.15\spring-data-jpa-2.7.15.jar;C:\Apps\Maven\repository\org\springframework\data\spring-data-commons\2.7.15\spring-data-commons-2.7.15.jar;C:\Apps\Maven\repository\org\springframework\spring-orm\5.3.29\spring-orm-5.3.29.jar;C:\Apps\Maven\repository\org\springframework\spring-context\5.3.29\spring-context-5.3.29.jar;C:\Apps\Maven\repository\org\springframework\spring-expression\5.3.29\spring-expression-5.3.29.jar;C:\Apps\Maven\repository\org\springframework\spring-tx\5.3.29\spring-tx-5.3.29.jar;C:\Apps\Maven\repository\org\springframework\spring-beans\5.3.29\spring-beans-5.3.29.jar;C:\Apps\Maven\repository\org\slf4j\slf4j-api\1.7.32\slf4j-api-1.7.32.jar;C:\Apps\Maven\repository\org\springframework\spring-aspects\5.3.29\spring-aspects-5.3.29.jar;C:\Apps\Maven\repository\org\springframework\boot\spring-boot-starter-jdbc\2.7.15\spring-boot-starter-jdbc-2.7.15.jar;C:\Apps\Maven\repository\org\springframework\boot\spring-boot-starter\2.7.15\spring-boot-starter-2.7.15.jar;C:\Apps\Maven\repository\org\springframework\boot\spring-boot\2.7.15\spring-boot-2.7.15.jar;C:\Apps\Maven\repository\org\springframework\boot\spring-boot-autoconfigure\2.7.15\spring-boot-autoconfigure-2.7.15.jar;C:\Apps\Maven\repository\org\springframework\boot\spring-boot-starter-logging\2.7.15\spring-boot-starter-logging-2.7.15.jar;C:\Apps\Maven\repository\ch\qos\logback\logback-classic\1.2.12\logback-classic-1.2.12.jar;C:\Apps\Maven\repository\ch\qos\logback\logback-core\1.2.12\logback-core-1.2.12.jar;C:\Apps\Maven\repository\org\apache\logging\log4j\log4j-to-slf4j\2.17.2\log4j-to-slf4j-2.17.2.jar;C:\Apps\Maven\repository\org\apache\logging\log4j\log4j-api\2.17.2\log4j-api-2.17.2.jar;C:\Apps\Maven\repository\org\slf4j\jul-to-slf4j\1.7.36\jul-to-slf4j-1.7.36.jar;C:\Apps\Maven\repository\jakarta\annotation\jakarta.annotation-api\1.3.5\jakarta.annotation-api-1.3.5.jar;C:\Apps\Maven\repository\org\yaml\snakeyaml\1.30\snakeyaml-1.30.jar;C:\Apps\Maven\repository\com\zaxxer\HikariCP\4.0.3\HikariCP-4.0.3.jar;C:\Apps\Maven\repository\org\springframework\spring-jdbc\5.3.29\spring-jdbc-5.3.29.jar;C:\Apps\Maven\repository\org\springframework\boot\spring-boot-starter-test\2.7.15\spring-boot-starter-test-2.7.15.jar;C:\Apps\Maven\repository\org\springframework\boot\spring-boot-test\2.7.15\spring-boot-test-2.7.15.jar;C:\Apps\Maven\repository\org\springframework\boot\spring-boot-test-autoconfigure\2.7.15\spring-boot-test-autoconfigure-2.7.15.jar;C:\Apps\Maven\repository\com\jayway\jsonpath\json-path\2.7.0\json-path-2.7.0.jar;C:\Apps\Maven\repository\net\minidev\json-smart\2.4.7\json-smart-2.4.7.jar;C:\Apps\Maven\repository\net\minidev\accessors-smart\2.4.7\accessors-smart-2.4.7.jar;C:\Apps\Maven\repository\org\ow2\asm\asm\9.1\asm-9.1.jar;C:\Apps\Maven\repository\jakarta\xml\bind\jakarta.xml.bind-api\2.3.3\jakarta.xml.bind-api-2.3.3.jar;C:\Apps\Maven\repository\jakarta\activation\jakarta.activation-api\1.2.2\jakarta.activation-api-1.2.2.jar;C:\Apps\Maven\repository\org\assertj\assertj-core\3.22.0\assertj-core-3.22.0.jar;C:\Apps\Maven\repository\org\hamcrest\hamcrest\2.2\hamcrest-2.2.jar;C:\Apps\Maven\repository\org\junit\jupiter\junit-jupiter\5.8.2\junit-jupiter-5.8.2.jar;C:\Apps\Maven\repository\org\junit\jupiter\junit-jupiter-params\5.8.2\junit-jupiter-params-5.8.2.jar;C:\Apps\Maven\repository\org\mockito\mockito-core\4.5.1\mockito-core-4.5.1.jar;C:\Apps\Maven\repository\net\bytebuddy\byte-buddy-agent\1.12.9\byte-buddy-agent-1.12.9.jar;C:\Apps\Maven\repository\org\objenesis\objenesis\3.2\objenesis-3.2.jar;C:\Apps\Maven\repository\org\mockito\mockito-junit-jupiter\4.5.1\mockito-junit-jupiter-4.5.1.jar;C:\Apps\Maven\repository\org\skyscreamer\jsonassert\1.5.1\jsonassert-1.5.1.jar;C:\Apps\Maven\repository\com\vaadin\external\google\android-json\0.0.20131108.vaadin1\android-json-0.0.20131108.vaadin1.jar;C:\Apps\Maven\repository\org\springframework\spring-core\5.3.29\spring-core-5.3.29.jar;C:\Apps\Maven\repository\org\springframework\spring-jcl\5.3.29\spring-jcl-5.3.29.jar;C:\Apps\Maven\repository\org\springframework\spring-test\5.3.29\spring-test-5.3.29.jar;C:\Apps\Maven\repository\org\xmlunit\xmlunit-core\2.9.1\xmlunit-core-2.9.1.jar;C:\Apps\Maven\repository\com\fasterxml\jackson\core\jackson-core\2.15.2\jackson-core-2.15.2.jar;C:\Apps\Maven\repository\com\fasterxml\jackson\core\jackson-databind\2.15.2\jackson-databind-2.15.2.jar;C:\Apps\Maven\repository\com\fasterxml\jackson\core\jackson-annotations\2.15.2\jackson-annotations-2.15.2.jar;C:\Apps\Maven\repository\com\fasterxml\jackson\dataformat\jackson-dataformat-xml\2.15.2\jackson-dataformat-xml-2.15.2.jar;C:\Apps\Maven\repository\org\codehaus\woodstox\stax2-api\4.2.1\stax2-api-4.2.1.jar;C:\Apps\Maven\repository\com\fasterxml\woodstox\woodstox-core\6.5.1\woodstox-core-6.5.1.jar;C:\Apps\Maven\repository\com\fasterxml\jackson\datatype\jackson-datatype-jsr310\2.15.2\jackson-datatype-jsr310-2.15.2.jar;C:\Apps\Maven\repository\org\junit\jupiter\junit-jupiter-api\5.7.2\junit-jupiter-api-5.7.2.jar;C:\Apps\Maven\repository\org\apiguardian\apiguardian-api\1.1.0\apiguardian-api-1.1.0.jar;C:\Apps\Maven\repository\org\opentest4j\opentest4j\1.2.0\opentest4j-1.2.0.jar;C:\Apps\Maven\repository\org\junit\platform\junit-platform-commons\1.7.2\junit-platform-commons-1.7.2.jar;C:\Apps\Maven\repository\org\junit\jupiter\junit-jupiter-engine\5.7.2\junit-jupiter-engine-5.7.2.jar;C:\Apps\Maven\repository\org\junit\platform\junit-platform-engine\1.7.2\junit-platform-engine-1.7.2.jar;"/>
    <property name="sun.cpu.endian" value="little"/>
    <property name="user.home" value="C:\Users\simon"/>
    <property name="user.language" value="en"/>
    <property name="java.specification.vendor" value="Oracle Corporation"/>
    <property name="java.version.date" value="2022-03-22"/>
    <property name="java.home" value="C:\Apps\Java\jdk-18"/>
    <property name="file.separator" value="\"/>
    <property name="basedir" value="C:\Apps\Projects\java\workflow"/>
    <property name="java.vm.compressedOopsMode" value="Zero based"/>
    <property name="line.separator" value="&#10;"/>
    <property name="java.vm.specification.vendor" value="Oracle Corporation"/>
    <property name="java.specification.name" value="Java Platform API Specification"/>
    <property name="surefire.real.class.path" value="C:\Users\simon\AppData\Local\Temp\surefire14920333814095797354\surefirebooter8251079572165882563.jar"/>
    <property name="user.script" value=""/>
    <property name="sun.management.compiler" value="HotSpot 64-Bit Tiered Compilers"/>
    <property name="java.runtime.version" value="18+36-2087"/>
    <property name="user.name" value="simon"/>
    <property name="path.separator" value=";"/>
    <property name="os.version" value="10.0"/>
    <property name="java.runtime.name" value="OpenJDK Runtime Environment"/>
    <property name="file.encoding" value="UTF-8"/>
    <property name="java.vm.name" value="OpenJDK 64-Bit Server VM"/>
    <property name="localRepository" value="C:\Apps\Maven\repository"/>
    <property name="java.vendor.url.bug" value="https://bugreport.java.com/bugreport/"/>
    <property name="java.io.tmpdir" value="C:\Users\simon\AppData\Local\Temp\"/>
    <property name="idea.version" value="2024.1.1"/>
    <property name="java.version" value="18"/>
    <property name="user.dir" value="C:\Apps\Projects\java\workflow"/>
    <property name="os.arch" value="amd64"/>
    <property name="java.vm.specification.name" value="Java Virtual Machine Specification"/>
    <property name="sun.os.patch.level" value=""/>
    <property name="native.encoding" value="Cp1252"/>
    <property name="java.library.path" value="C:\Apps\Java\jdk-18\bin;C:\WINDOWS\Sun\Java\bin;C:\WINDOWS\system32;C:\WINDOWS;C:\Apps\Python\Python312\Scripts\;C:\Apps\Python\Python312\;C:\Windows\system32;C:\Windows;C:\Windows\System32\Wbem;C:\Windows\System32\WindowsPowerShell\v1.0\;C:\Windows\System32\OpenSSH\;C:\Program Files (x86)\NVIDIA Corporation\PhysX\Common;C:\Program Files\NVIDIA Corporation\NVIDIA NvDLISR;C:\Program Files\Common Files\Oracle\Java\javapath;C:\Program Files (x86)\Common Files\Oracle\Java\java8path;C:\Program Files (x86)\Common Files\Oracle\Java\javapath;C:\Python39\Scripts\;C:\Python39\;C:\Morpho\MorphoKit\Bin\64bits;C:\BorderGuard\Bin\IPP;C:\BorderGuard\Bin;C:\Program Files\dotnet\;C:\Program Files\Microsoft SQL Server\130\Tools\Binn\;C:\PostgreSQL\pg11\bin;C:\Program Files\OpenNI\Bin64;C:\Program Files\Nuitrack\nuitrack\nuitrack\bin;C:\WINDOWS\system32;C:\WINDOWS;C:\WINDOWS\System32\Wbem;C:\WINDOWS\System32\WindowsPowerShell\v1.0\;C:\WINDOWS\System32\OpenSSH\;C:\Program Files\Git\cmd;C:\Program Files\nodejs\;C:\ProgramData\chocolatey\bin;C:\Program Files\PuTTY\;C:\Users\Simon Haddon\AppData\Local\Microsoft\WindowsApps;C:\Apps\apache-maven-3.5.4\bin;C:\Apps\Java\jdk1.8.0_171\bin;C:\Users\Simon Haddon\AppData\Local\GitHubDesktop\bin;C:\Users\Simon Haddon\AppData\Roaming\npm;C:\Users\simon\AppData\Local\Microsoft\WindowsApps;C:\Users\simon\AppData\Local\Programs\Microsoft VS Code\bin;C:\Users\simon\.dotnet\tools;C:\Users\simon\.dotnet\tools;C:\Users\simon\AppData\Local\GitHubDesktop\bin;;."/>
    <property name="java.vm.info" value="mixed mode, sharing"/>
    <property name="java.vendor" value="Oracle Corporation"/>
    <property name="java.vm.version" value="18+36-2087"/>
    <property name="sun.io.unicode.encoding" value="UnicodeLittle"/>
    <property name="java.class.version" value="62.0"/>
  </properties>
  <testcase name="testProcessRules" classname="au.com.kahaara.wf.orchestration.rules.RulesTest" time="0.007"/>
  <testcase name="testRules" classname="au.com.kahaara.wf.orchestration.rules.RulesTest" time="0.001"/>
</testsuite>